Using pre-set license
Built from '2020.3/staging' branch; Version is '2020.3.19f1 (68f137dc9bbe) revision 6877495'; Using compiler version '192528614'; Build Type 'Release'
OS: 'Windows 10 Pro; OS build 19042.1237; Version 2009; 64bit' Language: 'en' Physical Memory: 14213 MB
BatchMode: 1, IsHumanControllingUs: 0, StartBugReporterOnCrash: 0, Is64bit: 1, IsPro: 0

COMMAND LINE ARGUMENTS:
C:\Program Files\Unity\Hub\Editor\2020.3.19f1\Editor\Unity.exe
-adb2
-batchMode
-noUpm
-name
AssetImportWorker0
-projectPath
C:/Users/maconrm180/Documents/GitHub/Arp/UnityX-O/UnityX-O
-logFile
Logs/AssetImportWorker0.log
-srvPort
64317
Successfully changed project path to: C:/Users/maconrm180/Documents/GitHub/Arp/UnityX-O/UnityX-O
C:/Users/maconrm180/Documents/GitHub/Arp/UnityX-O/UnityX-O
Using Asset Import Pipeline V2.
Refreshing native plugins compatible for Editor in 35.87 ms, found 0 plugins.
Preloading 0 native plugins for Editor in 0.00 ms.
Initialize engine version: 2020.3.19f1 (68f137dc9bbe)
[Subsystems] Discovering subsystems at path C:/Program Files/Unity/Hub/Editor/2020.3.19f1/Editor/Data/Resources/UnitySubsystems
[Subsystems] Discovering subsystems at path C:/Users/maconrm180/Documents/GitHub/Arp/UnityX-O/UnityX-O/Assets
GfxDevice: creating device client; threaded=0
Direct3D:
    Version:  Direct3D 11.0 [level 11.1]
    Renderer: AMD Radeon(TM) RX Vega 10 Graphics (ID=0x15d8)
    Vendor:   
    VRAM:     7106 MB
    Driver:   27.20.11012.12001
Initialize mono
Mono path[0] = 'C:/Program Files/Unity/Hub/Editor/2020.3.19f1/Editor/Data/Managed'
Mono path[1] = 'C:/Program Files/Unity/Hub/Editor/2020.3.19f1/Editor/Data/MonoBleedingEdge/lib/mono/unityjit'
Mono config path = 'C:/Program Files/Unity/Hub/Editor/2020.3.19f1/Editor/Data/MonoBleedingEdge/etc'
Using monoOptions --debugger-agent=transport=dt_socket,embedding=1,server=y,suspend=n,address=127.0.0.1:56884
Begin MonoManager ReloadAssembly
Registering precompiled unity dll's ...
Register platform support module: C:/Program Files/Unity/Hub/Editor/2020.3.19f1/Editor/Data/PlaybackEngines/WindowsStandaloneSupport/UnityEditor.WindowsStandalone.Extensions.dll
Registered in 0.003727 seconds.
Native extension for WindowsStandalone target not found
Refreshing native plugins compatible for Editor in 39.37 ms, found 0 plugins.
Preloading 0 native plugins for Editor in 0.00 ms.
Mono: successfully reloaded assembly
- Completed reload, in  3.064 seconds
Domain Reload Profiling:
	ReloadAssembly (3064ms)
		BeginReloadAssembly (86ms)
			ExecutionOrderSort (0ms)
			DisableScriptedObjects (0ms)
			BackupInstance (0ms)
			ReleaseScriptingObjects (0ms)
			CreateAndSetChildDomain (1ms)
		EndReloadAssembly (543ms)
			LoadAssemblies (82ms)
			RebuildTransferFunctionScriptingTraits (0ms)
			SetupTypeCache (189ms)
			ReleaseScriptCaches (0ms)
			RebuildScriptCaches (40ms)
			SetupLoadedEditorAssemblies (207ms)
				LogAssemblyErrors (0ms)
				InitializePlatformSupportModulesInManaged (5ms)
				SetLoadedEditorAssemblies (0ms)
				RefreshPlugins (39ms)
				BeforeProcessingInitializeOnLoad (24ms)
				ProcessInitializeOnLoadAttributes (102ms)
				ProcessInitializeOnLoadMethodAttributes (36ms)
				AfterProcessingInitializeOnLoad (0ms)
				EditorAssembliesLoaded (0ms)
			ExecutionOrderSort2 (0ms)
			AwakeInstancesAfterBackupRestoration (0ms)
Platform modules already initialized, skipping
Registering precompiled user dll's ...
Registered in 0.005216 seconds.
Begin MonoManager ReloadAssembly
Native extension for WindowsStandalone target not found
Refreshing native plugins compatible for Editor in 0.98 ms, found 0 plugins.
Preloading 0 native plugins for Editor in 0.00 ms.
Mono: successfully reloaded assembly
- Completed reload, in  1.020 seconds
Domain Reload Profiling:
	ReloadAssembly (1020ms)
		BeginReloadAssembly (200ms)
			ExecutionOrderSort (0ms)
			DisableScriptedObjects (6ms)
			BackupInstance (0ms)
			ReleaseScriptingObjects (0ms)
			CreateAndSetChildDomain (31ms)
		EndReloadAssembly (721ms)
			LoadAssemblies (66ms)
			RebuildTransferFunctionScriptingTraits (0ms)
			SetupTypeCache (207ms)
			ReleaseScriptCaches (0ms)
			RebuildScriptCaches (36ms)
			SetupLoadedEditorAssemblies (283ms)
				LogAssemblyErrors (0ms)
				InitializePlatformSupportModulesInManaged (7ms)
				SetLoadedEditorAssemblies (1ms)
				RefreshPlugins (1ms)
				BeforeProcessingInitializeOnLoad (125ms)
				ProcessInitializeOnLoadAttributes (130ms)
				ProcessInitializeOnLoadMethodAttributes (6ms)
				AfterProcessingInitializeOnLoad (13ms)
				EditorAssembliesLoaded (0ms)
			ExecutionOrderSort2 (0ms)
			AwakeInstancesAfterBackupRestoration (9ms)
Platform modules already initialized, skipping
========================================================================
Worker process is ready to serve import requests
Launched and connected shader compiler UnityShaderCompiler.exe after 0.10 seconds
Refreshing native plugins compatible for Editor in 0.93 ms, found 0 plugins.
Preloading 0 native plugins for Editor in 0.00 ms.
Unloading 6 Unused Serialized files (Serialized files now loaded: 0)
System memory in use before: 26.2 MB.
System memory in use after: 26.2 MB.

Unloading 2 unused Assets to reduce memory usage. Loaded Objects now: 445.
Total: 3.337100 ms (FindLiveObjects: 0.059400 ms CreateObjectMapping: 0.005300 ms MarkObjects: 3.200700 ms  DeleteObjects: 0.070200 ms)

AssetImportParameters requested are different than current active one (requested -> active):
  custom:framework-win-MediaFoundation: 216162199b28c13a410421893ffa2e32 -> 
  custom:video-decoder-ogg-theora: a1e56fd34408186e4bbccfd4996cb3dc -> 
  custom:container-muxer-webm: aa71ff27fc2769a1b78a27578f13a17b -> 
  custom:container-demuxer-webm: 4f35f7cbe854078d1ac9338744f61a02 -> 
  custom:container-demuxer-ogg: 62fdf1f143b41e24485cea50d1cbac27 -> 
  custom:video-encoder-webm-vp8: eb34c28f22e8b96e1ab97ce403110664 -> 
  custom:video-codec-MediaFoundation-h265: 746d11721c4dcdbdad8f713fa42b33f4 -> 
  custom:video-decoder-webm-vp8: 9c59270c3fd7afecdb556c50c9e8de78 -> 
  custom:audio-decoder-ogg-vorbis: bf7c407c2cedff20999df2af8eb42d56 -> 
  custom:audio-encoder-webm-vorbis: bf7c407c2cedff20999df2af8eb42d56 -> 
========================================================================
Received Import Request.
  path: Assets/download.png
  artifactKey: Guid(d098a69d7212d9b4799cd426a279d42e) Importer(815301076,1909f56bfc062723c751e8b465ee728b)
Start importing Assets/download.png using Guid(d098a69d7212d9b4799cd426a279d42e) Importer(815301076,1909f56bfc062723c751e8b465ee728b)  -> (artifact id: '8fc8312704f03fd6dc1ecf64f9fb16f0') in 0.137515 seconds 
  Import took 0.138469 seconds .

========================================================================
Received Import Request.
  Time since last request: 0.000400 seconds.
  path: Assets/X for Unity.png
  artifactKey: Guid(95569651734321841b07ce4ddd9fe67c) Importer(815301076,1909f56bfc062723c751e8b465ee728b)
Start importing Assets/X for Unity.png using Guid(95569651734321841b07ce4ddd9fe67c) Importer(815301076,1909f56bfc062723c751e8b465ee728b)  -> (artifact id: '8b725c3bd21152c9113cb2b1253f4138') in 0.035436 seconds 
  Import took 0.036354 seconds .

========================================================================
Received Import Request.
  Time since last request: 0.000314 seconds.
  path: Assets/download (2).png
  artifactKey: Guid(dbf79dc9d98099746b949e6aa2e71399) Importer(815301076,1909f56bfc062723c751e8b465ee728b)
Start importing Assets/download (2).png using Guid(dbf79dc9d98099746b949e6aa2e71399) Importer(815301076,1909f56bfc062723c751e8b465ee728b)  -> (artifact id: '4576dbcfe0cdd523ca953d47351fdd30') in 0.027135 seconds 
  Import took 0.028007 seconds .

========================================================================
Received Import Request.
  Time since last request: 93.403498 seconds.
  path: Assets/download (2).png
  artifactKey: Guid(dbf79dc9d98099746b949e6aa2e71399) Importer(815301076,1909f56bfc062723c751e8b465ee728b)
Start importing Assets/download (2).png using Guid(dbf79dc9d98099746b949e6aa2e71399) Importer(815301076,1909f56bfc062723c751e8b465ee728b)  -> (artifact id: '26f357d997d4b4f5387bbc96e52c8780') in 0.027833 seconds 
  Import took 0.028811 seconds .

========================================================================
Received Import Request.
  Time since last request: 18.275936 seconds.
  path: Assets/download (2).png
  artifactKey: Guid(dbf79dc9d98099746b949e6aa2e71399) Importer(815301076,1909f56bfc062723c751e8b465ee728b)
Start importing Assets/download (2).png using Guid(dbf79dc9d98099746b949e6aa2e71399) Importer(815301076,1909f56bfc062723c751e8b465ee728b)  -> (artifact id: '54c7b48a6029ac97d35546cb7b0a7bbd') in 0.022017 seconds 
  Import took 0.023192 seconds .

========================================================================
Received Import Request.
  Time since last request: 16.067463 seconds.
  path: Assets/download (2).png
  artifactKey: Guid(dbf79dc9d98099746b949e6aa2e71399) Importer(815301076,1909f56bfc062723c751e8b465ee728b)
Start importing Assets/download (2).png using Guid(dbf79dc9d98099746b949e6aa2e71399) Importer(815301076,1909f56bfc062723c751e8b465ee728b)  -> (artifact id: '9a68043f5e42736fc38c2c024b1ca3cc') in 0.020112 seconds 
  Import took 0.021076 seconds .

========================================================================
Received Import Request.
  Time since last request: 21.954750 seconds.
  path: Assets/X for Unity.png
  artifactKey: Guid(95569651734321841b07ce4ddd9fe67c) Importer(815301076,1909f56bfc062723c751e8b465ee728b)
Start importing Assets/X for Unity.png using Guid(95569651734321841b07ce4ddd9fe67c) Importer(815301076,1909f56bfc062723c751e8b465ee728b)  -> (artifact id: '7494a6d80575ad779351dd208661227e') in 0.022206 seconds 
  Import took 0.023335 seconds .

========================================================================
Received Import Request.
  Time since last request: 24.046817 seconds.
  path: Assets/X for Unity.png
  artifactKey: Guid(95569651734321841b07ce4ddd9fe67c) Importer(815301076,1909f56bfc062723c751e8b465ee728b)
Start importing Assets/X for Unity.png using Guid(95569651734321841b07ce4ddd9fe67c) Importer(815301076,1909f56bfc062723c751e8b465ee728b)  -> (artifact id: '30e8820d64115ad04e81e5a8b6f96f05') in 0.021370 seconds 
  Import took 0.022425 seconds .

========================================================================
Received Import Request.
  Time since last request: 24.797897 seconds.
  path: Assets/download (2).png
  artifactKey: Guid(dbf79dc9d98099746b949e6aa2e71399) Importer(815301076,1909f56bfc062723c751e8b465ee728b)
Start importing Assets/download (2).png using Guid(dbf79dc9d98099746b949e6aa2e71399) Importer(815301076,1909f56bfc062723c751e8b465ee728b)  -> (artifact id: '440d3e3bfb8377dca3a75a036933983d') in 0.021659 seconds 
  Import took 0.022784 seconds .

========================================================================
Received Import Request.
  Time since last request: 1636.066336 seconds.
  path: ProjectSettings/TagManager.asset
  artifactKey: Guid(00000000000000003000000000000000) Importer(815301076,1909f56bfc062723c751e8b465ee728b)
Start importing ProjectSettings/TagManager.asset using Guid(00000000000000003000000000000000) Importer(815301076,1909f56bfc062723c751e8b465ee728b)  -> (artifact id: 'abb434fbe5043b9aef9400c28d0775df') in 0.029884 seconds 
  Import took 0.031025 seconds .

AssetImportWorkerClient::OnTransportError - code=2 error=End of file
