Using pre-set license
Built from '2020.3/staging' branch; Version is '2020.3.19f1 (68f137dc9bbe) revision 6877495'; Using compiler version '192528614'; Build Type 'Release'
OS: 'Windows 10 Pro; OS build 19042.1237; Version 2009; 64bit' Language: 'en' Physical Memory: 14213 MB
BatchMode: 1, IsHumanControllingUs: 0, StartBugReporterOnCrash: 0, Is64bit: 1, IsPro: 0

COMMAND LINE ARGUMENTS:
C:\Program Files\Unity\Hub\Editor\2020.3.19f1\Editor\Unity.exe
-adb2
-batchMode
-noUpm
-name
AssetImportWorker0
-projectPath
C:/Users/maconrm180/Documents/UnityX-O/UnityX-O/UnityX-O
-logFile
Logs/AssetImportWorker0.log
-srvPort
63087
Successfully changed project path to: C:/Users/maconrm180/Documents/UnityX-O/UnityX-O/UnityX-O
C:/Users/maconrm180/Documents/UnityX-O/UnityX-O/UnityX-O
Using Asset Import Pipeline V2.
Refreshing native plugins compatible for Editor in 39.36 ms, found 0 plugins.
Preloading 0 native plugins for Editor in 0.00 ms.
Initialize engine version: 2020.3.19f1 (68f137dc9bbe)
[Subsystems] Discovering subsystems at path C:/Program Files/Unity/Hub/Editor/2020.3.19f1/Editor/Data/Resources/UnitySubsystems
[Subsystems] Discovering subsystems at path C:/Users/maconrm180/Documents/UnityX-O/UnityX-O/UnityX-O/Assets
GfxDevice: creating device client; threaded=0
Direct3D:
    Version:  Direct3D 11.0 [level 11.1]
    Renderer: AMD Radeon(TM) RX Vega 10 Graphics (ID=0x15d8)
    Vendor:   
    VRAM:     7106 MB
    Driver:   27.20.11012.14001
Initialize mono
Mono path[0] = 'C:/Program Files/Unity/Hub/Editor/2020.3.19f1/Editor/Data/Managed'
Mono path[1] = 'C:/Program Files/Unity/Hub/Editor/2020.3.19f1/Editor/Data/MonoBleedingEdge/lib/mono/unityjit'
Mono config path = 'C:/Program Files/Unity/Hub/Editor/2020.3.19f1/Editor/Data/MonoBleedingEdge/etc'
Using monoOptions --debugger-agent=transport=dt_socket,embedding=1,server=y,suspend=n,address=127.0.0.1:56032
Begin MonoManager ReloadAssembly
Registering precompiled unity dll's ...
Register platform support module: C:/Program Files/Unity/Hub/Editor/2020.3.19f1/Editor/Data/PlaybackEngines/WindowsStandaloneSupport/UnityEditor.WindowsStandalone.Extensions.dll
Registered in 0.003990 seconds.
Native extension for WindowsStandalone target not found
Refreshing native plugins compatible for Editor in 37.65 ms, found 0 plugins.
Preloading 0 native plugins for Editor in 0.00 ms.
Mono: successfully reloaded assembly
- Completed reload, in  1.900 seconds
Domain Reload Profiling:
	ReloadAssembly (1901ms)
		BeginReloadAssembly (107ms)
			ExecutionOrderSort (0ms)
			DisableScriptedObjects (0ms)
			BackupInstance (0ms)
			ReleaseScriptingObjects (0ms)
			CreateAndSetChildDomain (1ms)
		EndReloadAssembly (607ms)
			LoadAssemblies (102ms)
			RebuildTransferFunctionScriptingTraits (0ms)
			SetupTypeCache (237ms)
			ReleaseScriptCaches (0ms)
			RebuildScriptCaches (39ms)
			SetupLoadedEditorAssemblies (218ms)
				LogAssemblyErrors (0ms)
				InitializePlatformSupportModulesInManaged (5ms)
				SetLoadedEditorAssemblies (0ms)
				RefreshPlugins (38ms)
				BeforeProcessingInitializeOnLoad (22ms)
				ProcessInitializeOnLoadAttributes (112ms)
				ProcessInitializeOnLoadMethodAttributes (41ms)
				AfterProcessingInitializeOnLoad (0ms)
				EditorAssembliesLoaded (0ms)
			ExecutionOrderSort2 (0ms)
			AwakeInstancesAfterBackupRestoration (0ms)
Platform modules already initialized, skipping
Registering precompiled user dll's ...
Registered in 0.005619 seconds.
Begin MonoManager ReloadAssembly
Native extension for WindowsStandalone target not found
Refreshing native plugins compatible for Editor in 1.18 ms, found 0 plugins.
Preloading 0 native plugins for Editor in 0.00 ms.
Mono: successfully reloaded assembly
- Completed reload, in  1.085 seconds
Domain Reload Profiling:
	ReloadAssembly (1086ms)
		BeginReloadAssembly (225ms)
			ExecutionOrderSort (0ms)
			DisableScriptedObjects (6ms)
			BackupInstance (0ms)
			ReleaseScriptingObjects (0ms)
			CreateAndSetChildDomain (27ms)
		EndReloadAssembly (745ms)
			LoadAssemblies (81ms)
			RebuildTransferFunctionScriptingTraits (0ms)
			SetupTypeCache (196ms)
			ReleaseScriptCaches (0ms)
			RebuildScriptCaches (39ms)
			SetupLoadedEditorAssemblies (310ms)
				LogAssemblyErrors (0ms)
				InitializePlatformSupportModulesInManaged (8ms)
				SetLoadedEditorAssemblies (1ms)
				RefreshPlugins (1ms)
				BeforeProcessingInitializeOnLoad (156ms)
				ProcessInitializeOnLoadAttributes (125ms)
				ProcessInitializeOnLoadMethodAttributes (5ms)
				AfterProcessingInitializeOnLoad (14ms)
				EditorAssembliesLoaded (0ms)
			ExecutionOrderSort2 (0ms)
			AwakeInstancesAfterBackupRestoration (10ms)
Platform modules already initialized, skipping
========================================================================
Worker process is ready to serve import requests
Launched and connected shader compiler UnityShaderCompiler.exe after 0.10 seconds
Refreshing native plugins compatible for Editor in 0.95 ms, found 0 plugins.
Preloading 0 native plugins for Editor in 0.00 ms.
Unloading 6 Unused Serialized files (Serialized files now loaded: 0)
System memory in use before: 26.2 MB.
System memory in use after: 26.2 MB.

Unloading 2 unused Assets to reduce memory usage. Loaded Objects now: 445.
Total: 2.386700 ms (FindLiveObjects: 0.047400 ms CreateObjectMapping: 0.003600 ms MarkObjects: 2.270100 ms  DeleteObjects: 0.064400 ms)

AssetImportParameters requested are different than current active one (requested -> active):
  custom:framework-win-MediaFoundation: 216162199b28c13a410421893ffa2e32 -> 
  custom:video-decoder-ogg-theora: a1e56fd34408186e4bbccfd4996cb3dc -> 
  custom:container-muxer-webm: aa71ff27fc2769a1b78a27578f13a17b -> 
  custom:container-demuxer-webm: 4f35f7cbe854078d1ac9338744f61a02 -> 
  custom:container-demuxer-ogg: 62fdf1f143b41e24485cea50d1cbac27 -> 
  custom:video-encoder-webm-vp8: eb34c28f22e8b96e1ab97ce403110664 -> 
  custom:video-codec-MediaFoundation-h265: 746d11721c4dcdbdad8f713fa42b33f4 -> 
  custom:video-decoder-webm-vp8: 9c59270c3fd7afecdb556c50c9e8de78 -> 
  custom:audio-decoder-ogg-vorbis: bf7c407c2cedff20999df2af8eb42d56 -> 
  custom:audio-encoder-webm-vorbis: bf7c407c2cedff20999df2af8eb42d56 -> 
========================================================================
Received Import Request.
  path: Assets/download.png
  artifactKey: Guid(d098a69d7212d9b4799cd426a279d42e) Importer(815301076,1909f56bfc062723c751e8b465ee728b)
Start importing Assets/download.png using Guid(d098a69d7212d9b4799cd426a279d42e) Importer(815301076,1909f56bfc062723c751e8b465ee728b)  -> (artifact id: '2c8369db0a666b74f749e01322ce8d4e') in 0.110580 seconds 
  Import took 0.111570 seconds .

========================================================================
Received Import Request.
  Time since last request: 0.000281 seconds.
  path: Assets/bsaketballcourt.jpg
  artifactKey: Guid(79cc682b7e39c594a9c4040e0266f1c0) Importer(815301076,1909f56bfc062723c751e8b465ee728b)
Start importing Assets/bsaketballcourt.jpg using Guid(79cc682b7e39c594a9c4040e0266f1c0) Importer(815301076,1909f56bfc062723c751e8b465ee728b)  -> (artifact id: 'c86c6f1b697f7b7df97aa0fe8603bcc5') in 0.082128 seconds 
  Import took 0.083021 seconds .

========================================================================
Received Import Request.
  Time since last request: 0.000285 seconds.
  path: Assets/X for Unity.png
  artifactKey: Guid(95569651734321841b07ce4ddd9fe67c) Importer(815301076,1909f56bfc062723c751e8b465ee728b)
Start importing Assets/X for Unity.png using Guid(95569651734321841b07ce4ddd9fe67c) Importer(815301076,1909f56bfc062723c751e8b465ee728b)  -> (artifact id: '39c9f71c099d9858b9a93c67b23b8bc4') in 0.024145 seconds 
  Import took 0.025104 seconds .

========================================================================
Received Import Request.
  Time since last request: 971.892455 seconds.
  path: Assets/download.png
  artifactKey: Guid(d098a69d7212d9b4799cd426a279d42e) Importer(815301076,1909f56bfc062723c751e8b465ee728b)
Start importing Assets/download.png using Guid(d098a69d7212d9b4799cd426a279d42e) Importer(815301076,1909f56bfc062723c751e8b465ee728b)  -> (artifact id: '19b63804d965f181b570121a3b5a6a93') in 0.023896 seconds 
  Import took 0.025017 seconds .

========================================================================
Received Import Request.
  Time since last request: 7.911366 seconds.
  path: Assets/X for Unity.png
  artifactKey: Guid(95569651734321841b07ce4ddd9fe67c) Importer(815301076,1909f56bfc062723c751e8b465ee728b)
Start importing Assets/X for Unity.png using Guid(95569651734321841b07ce4ddd9fe67c) Importer(815301076,1909f56bfc062723c751e8b465ee728b)  -> (artifact id: '0dc9a4d407df18114cb7df0c75b06184') in 0.026030 seconds 
  Import took 0.026923 seconds .

========================================================================
Received Import Request.
  Time since last request: 955.007772 seconds.
  path: Assets
  artifactKey: Guid(00000000000000001000000000000000) Importer(815301076,1909f56bfc062723c751e8b465ee728b)
Start importing Assets using Guid(00000000000000001000000000000000) Importer(815301076,1909f56bfc062723c751e8b465ee728b)  -> (artifact id: '42d402b061de3733987d63b9cc3b64de') in 0.016422 seconds 
  Import took 0.017510 seconds .

========================================================================
Received Import Request.
  Time since last request: 11.827127 seconds.
  path: Assets/download (2).png
  artifactKey: Guid(dbf79dc9d98099746b949e6aa2e71399) Importer(815301076,1909f56bfc062723c751e8b465ee728b)
Start importing Assets/download (2).png using Guid(dbf79dc9d98099746b949e6aa2e71399) Importer(815301076,1909f56bfc062723c751e8b465ee728b)  -> (artifact id: '0bf624f01b680e0b6376231624112a8e') in 0.021727 seconds 
  Import took 0.022635 seconds .

========================================================================
Received Import Request.
  Time since last request: 12.697169 seconds.
  path: Assets/download (2).png
  artifactKey: Guid(dbf79dc9d98099746b949e6aa2e71399) Importer(815301076,1909f56bfc062723c751e8b465ee728b)
Start importing Assets/download (2).png using Guid(dbf79dc9d98099746b949e6aa2e71399) Importer(815301076,1909f56bfc062723c751e8b465ee728b)  -> (artifact id: '6e36512f3c6b9615eafb26650d9d4da7') in 0.019569 seconds 
  Import took 0.020464 seconds .

========================================================================
Received Import Request.
  Time since last request: 19.405483 seconds.
  path: ProjectSettings/TagManager.asset
  artifactKey: Guid(00000000000000003000000000000000) Importer(815301076,1909f56bfc062723c751e8b465ee728b)
Start importing ProjectSettings/TagManager.asset using Guid(00000000000000003000000000000000) Importer(815301076,1909f56bfc062723c751e8b465ee728b)  -> (artifact id: 'ce6a35c3cddc746e7501c0bd0ed6d4ce') in 0.017839 seconds 
  Import took 0.018558 seconds .

AssetImportWorkerClient::OnTransportError - code=2 error=End of file
